<?xml version="1.0" encoding="UTF-8"?>
<testng-results ignored="0" total="1" passed="1" failed="0" skipped="0">
  <reporter-output>
  </reporter-output>
  <suite started-at="2024-12-08T12:13:10 IST" name="Default suite" finished-at="2024-12-08T12:13:14 IST" duration-ms="4079">
    <groups>
    </groups>
    <test started-at="2024-12-08T12:13:10 IST" name="Default test" finished-at="2024-12-08T12:13:14 IST" duration-ms="4079">
      <class name="com.api.test.UpdateProfileTest">
        <test-method signature="updateProfileTest()[pri:0, instance:com.api.test.UpdateProfileTest@4dbb42b7]" started-at="2024-12-08T12:13:10 IST" name="updateProfileTest" description="VErify update profile test" finished-at="2024-12-08T12:13:14 IST" duration-ms="3998" status="PASS">
          <reporter-output>
          </reporter-output>
        </test-method> <!-- updateProfileTest -->
      </class> <!-- com.api.test.UpdateProfileTest -->
    </test> <!-- Default test -->
  </suite> <!-- Default suite -->
</testng-results>
